<?xml version="1.0" encoding="UTF-8"?>
<robot generator="Robot 6.0 (Python 3.10.6 on win32)" generated="20221031 14:51:38.122" rpa="false" schemaversion="3">
<suite id="s1" name="Notification Form Filler" source="c:\Users\GennadiiMatveev\Desktop\Training\Browser_library\BrowserTestingVSC\FirstBrowserTestVSC\WithSecureTrashTests\notification_form_filler.robot">
<test id="s1-t1" name="Fill form normal" line="8">
<kw name="New Browser" library="Browser">
<arg>chromium</arg>
<arg>headless=False</arg>
<tag>BrowserControl</tag>
<tag>Setter</tag>
<doc>Create a new playwright Browser with specified options.</doc>
<msg timestamp="20221031 14:51:39.023" level="INFO">{"browser": "chromium", "headless": false, "devtools": false, "handleSIGHUP": true, "handleSIGINT": true, "handleSIGTERM": true, "slowMo": 0.0, "timeout": 30000.0, "deprecated_pos_args": [], "tracesDir": "C:\\Users\\GennadiiMatveev\\Desktop\\Training\\Browser_library\\BrowserTestingVSC\\browser\\traces\\5287632b-dea3-406b-a10e-88ca33abd3d6"}</msg>
<msg timestamp="20221031 14:51:39.463" level="INFO">Successfully created browser with options: {"browser":"chromium","headless":false,"devtools":false,"handleSIGHUP":true,"handleSIGINT":true,"handleSIGTERM":true,"slowMo":0,"timeout":30000,"deprecated_pos_args":[],"tracesDir":"C:\\Users\\GennadiiMatveev\\Desktop\\Training\\Browser_library\\BrowserTestingVSC\\browser\\traces\\5287632b-dea3-406b-a10e-88ca33abd3d6"}</msg>
<status status="PASS" starttime="20221031 14:51:39.014" endtime="20221031 14:51:39.463"/>
</kw>
<kw name="New Context" library="Browser">
<arg>isMobile=False</arg>
<tag>BrowserControl</tag>
<tag>Setter</tag>
<doc>Create a new BrowserContext with specified options.</doc>
<msg timestamp="20221031 14:51:39.467" level="INFO">{
  "acceptDownloads": true,
  "bypassCSP": false,
  "forcedColors": "none",
  "hideRfBrowser": false,
  "ignoreHTTPSErrors": false,
  "isMobile": false,
  "javaScriptEnabled": true,
  "offline": false,
  "reducedMotion": "no-preference",
  "viewport": {
    "width": 1280,
    "height": 720
  },
  "deprecated_pos_args": []
}</msg>
<msg timestamp="20221031 14:51:39.486" level="INFO">Successfully created context. </msg>
<msg timestamp="20221031 14:51:39.487" level="INFO">{'acceptDownloads': True, 'bypassCSP': False, 'forcedColors': 'none', 'hideRfBrowser': False, 'ignoreHTTPSErrors': False, 'isMobile': False, 'javaScriptEnabled': True, 'offline': False, 'reducedMotion': 'no-preference', 'viewport': {'width': 1280, 'height': 720}, 'deprecated_pos_args': []}</msg>
<status status="PASS" starttime="20221031 14:51:39.465" endtime="20221031 14:51:39.488"/>
</kw>
<kw name="New Page" library="Browser">
<arg>https://www.withsecure.com/en/whats-new/email-preferences</arg>
<tag>BrowserControl</tag>
<tag>Setter</tag>
<doc>Open a new Page.</doc>
<msg timestamp="20221031 14:51:41.307" level="INFO">Successfully initialized new page object and opened url: https://www.withsecure.com/en/whats-new/email-preferences</msg>
<status status="PASS" starttime="20221031 14:51:39.490" endtime="20221031 14:51:41.307"/>
</kw>
<kw name="Set Viewport Size" library="Browser">
<arg>1920</arg>
<arg>1080</arg>
<tag>BrowserControl</tag>
<tag>Setter</tag>
<doc>Sets current Pages viewport size to specified dimensions.</doc>
<msg timestamp="20221031 14:51:41.358" level="INFO">Set viewport size to: [object Object]</msg>
<status status="PASS" starttime="20221031 14:51:41.308" endtime="20221031 14:51:41.358"/>
</kw>
<kw name="Click" library="Browser">
<arg>xpath=//button[@id='onetrust-accept-btn-handler']</arg>
<tag>PageContent</tag>
<tag>Setter</tag>
<doc>Simulates mouse click on the element found by ``selector``.</doc>
<status status="PASS" starttime="20221031 14:51:41.359" endtime="20221031 14:51:42.015"/>
</kw>
<kw name="Fill Text" library="Browser">
<arg>xpath=(//input[contains(@name, 'first_name')])[1]</arg>
<arg>test_name</arg>
<tag>PageContent</tag>
<tag>Setter</tag>
<doc>Clears and fills the given ``txt`` into the text field found by ``selector``.</doc>
<msg timestamp="20221031 14:51:42.017" level="INFO">Fills the text 'test_name' in the given field.</msg>
<status status="PASS" starttime="20221031 14:51:42.016" endtime="20221031 14:51:42.263"/>
</kw>
<kw name="Fill Text" library="Browser">
<arg>xpath=(//input[contains(@name, 'last_name')])[1]</arg>
<arg>test_last_name</arg>
<tag>PageContent</tag>
<tag>Setter</tag>
<doc>Clears and fills the given ``txt`` into the text field found by ``selector``.</doc>
<msg timestamp="20221031 14:51:42.264" level="INFO">Fills the text 'test_last_name' in the given field.</msg>
<status status="PASS" starttime="20221031 14:51:42.264" endtime="20221031 14:51:42.290"/>
</kw>
<kw name="Fill Text" library="Browser">
<arg>xpath=(//input[contains(@name, 'email')])[1]</arg>
<arg>test_email</arg>
<tag>PageContent</tag>
<tag>Setter</tag>
<doc>Clears and fills the given ``txt`` into the text field found by ``selector``.</doc>
<msg timestamp="20221031 14:51:42.292" level="INFO">Fills the text 'test_email' in the given field.</msg>
<status status="PASS" starttime="20221031 14:51:42.291" endtime="20221031 14:51:42.315"/>
</kw>
<kw name="Fill Text" library="Browser">
<arg>xpath=(//input[contains(@name, 'company')])[1]</arg>
<arg>test_company</arg>
<tag>PageContent</tag>
<tag>Setter</tag>
<doc>Clears and fills the given ``txt`` into the text field found by ``selector``.</doc>
<msg timestamp="20221031 14:51:42.317" level="INFO">Fills the text 'test_company' in the given field.</msg>
<status status="PASS" starttime="20221031 14:51:42.316" endtime="20221031 14:51:42.603"/>
</kw>
<kw name="Select Options By" library="Browser">
<var>${selected}</var>
<arg>xpath=(//select[contains(@name, 'country')])[1]</arg>
<arg>value</arg>
<arg>Argentina</arg>
<tag>PageContent</tag>
<tag>Setter</tag>
<doc>Selects options from select element found by ``selector``.</doc>
<msg timestamp="20221031 14:51:42.673" level="INFO">${selected} = ['Argentina']</msg>
<status status="PASS" starttime="20221031 14:51:42.605" endtime="20221031 14:51:42.673"/>
</kw>
<kw name="List Should Contain Value" library="Collections">
<arg>${selected}</arg>
<arg>Argentina</arg>
<doc>Fails if the ``value`` is not found from ``list``.</doc>
<status status="PASS" starttime="20221031 14:51:42.675" endtime="20221031 14:51:42.675"/>
</kw>
<status status="PASS" starttime="20221031 14:51:39.014" endtime="20221031 14:51:42.676"/>
</test>
<status status="PASS" starttime="20221031 14:51:38.127" endtime="20221031 14:51:43.156"/>
</suite>
<statistics>
<total>
<stat pass="1" fail="0" skip="0">All Tests</stat>
</total>
<tag>
</tag>
<suite>
<stat pass="1" fail="0" skip="0" id="s1" name="Notification Form Filler">Notification Form Filler</stat>
</suite>
</statistics>
<errors>
</errors>
</robot>
