<?xml version="1.0" encoding="UTF-8"?>
<robot generator="Robot 6.0 (Python 3.10.6 on win32)" generated="20221104 11:19:36.253" rpa="false" schemaversion="3">
<suite id="s1" name="Header Transmission" source="C:\Users\GennadiiMatveev\Desktop\Training\Browser_library\BrowserTestingVSC\FirstBrowserTestVSC\WithSecureTrashTests\header_transmission.robot">
<test id="s1-t1" name="Fill form normal" line="8">
<kw name="New Browser" library="Browser">
<arg>chromium</arg>
<arg>headless=False</arg>
<tag>BrowserControl</tag>
<tag>Setter</tag>
<doc>Create a new playwright Browser with specified options.</doc>
<msg timestamp="20221104 11:19:39.914" level="INFO">{"browser": "chromium", "headless": false, "devtools": false, "handleSIGHUP": true, "handleSIGINT": true, "handleSIGTERM": true, "slowMo": 0.0, "timeout": 30000.0, "deprecated_pos_args": [], "tracesDir": "C:\\Users\\GennadiiMatveev\\Desktop\\Training\\Browser_library\\BrowserTestingVSC\\FirstBrowserTestVSC\\WithSecureTrashTests\\browser\\traces\\41d20a3d-ad32-487e-a3dc-a8f86ef943e8"}</msg>
<msg timestamp="20221104 11:19:40.929" level="INFO">Successfully created browser with options: {"browser":"chromium","headless":false,"devtools":false,"handleSIGHUP":true,"handleSIGINT":true,"handleSIGTERM":true,"slowMo":0,"timeout":30000,"deprecated_pos_args":[],"tracesDir":"C:\\Users\\GennadiiMatveev\\Desktop\\Training\\Browser_library\\BrowserTestingVSC\\FirstBrowserTestVSC\\WithSecureTrashTests\\browser\\traces\\41d20a3d-ad32-487e-a3dc-a8f86ef943e8"}</msg>
<status status="PASS" starttime="20221104 11:19:39.912" endtime="20221104 11:19:40.929"/>
</kw>
<kw name="New Context" library="Browser">
<arg>viewport=&amp;{screen_size}</arg>
<tag>BrowserControl</tag>
<tag>Setter</tag>
<doc>Create a new BrowserContext with specified options.</doc>
<msg timestamp="20221104 11:19:40.929" level="INFO">{
  "acceptDownloads": true,
  "bypassCSP": false,
  "forcedColors": "none",
  "hideRfBrowser": false,
  "ignoreHTTPSErrors": false,
  "javaScriptEnabled": true,
  "offline": false,
  "reducedMotion": "no-preference",
  "viewport": {
    "height": 1080,
    "width": 1920
  },
  "deprecated_pos_args": []
}</msg>
<msg timestamp="20221104 11:19:40.955" level="INFO">Successfully created context. </msg>
<msg timestamp="20221104 11:19:40.955" level="INFO">{'acceptDownloads': True, 'bypassCSP': False, 'forcedColors': 'none', 'hideRfBrowser': False, 'ignoreHTTPSErrors': False, 'javaScriptEnabled': True, 'offline': False, 'reducedMotion': 'no-preference', 'viewport': {'height': 1080, 'width': 1920}, 'deprecated_pos_args': []}</msg>
<status status="PASS" starttime="20221104 11:19:40.929" endtime="20221104 11:19:40.955"/>
</kw>
<kw name="New Page" library="Browser">
<arg>https://www.withsecure.com/en/home</arg>
<tag>BrowserControl</tag>
<tag>Setter</tag>
<doc>Open a new Page.</doc>
<msg timestamp="20221104 11:19:45.472" level="INFO">Successfully initialized new page object and opened url: https://www.withsecure.com/en/home</msg>
<status status="PASS" starttime="20221104 11:19:40.955" endtime="20221104 11:19:45.472"/>
</kw>
<kw name="Accept Cookies">
<kw name="Click" library="Browser">
<arg>xpath=//button[@id='onetrust-accept-btn-handler']</arg>
<tag>PageContent</tag>
<tag>Setter</tag>
<doc>Simulates mouse click on the element found by ``selector``.</doc>
<status status="PASS" starttime="20221104 11:19:45.475" endtime="20221104 11:19:45.716"/>
</kw>
<status status="PASS" starttime="20221104 11:19:45.474" endtime="20221104 11:19:45.716"/>
</kw>
<kw name="Click" library="Browser">
<arg>xpath=//button[normalize-space()='Expertise']</arg>
<tag>PageContent</tag>
<tag>Setter</tag>
<doc>Simulates mouse click on the element found by ``selector``.</doc>
<status status="PASS" starttime="20221104 11:19:45.716" endtime="20221104 11:19:46.045"/>
</kw>
<kw name="Click" library="Browser">
<arg>xpath=//a[normalize-space()='Innovation programs']</arg>
<tag>PageContent</tag>
<tag>Setter</tag>
<doc>Simulates mouse click on the element found by ``selector``.</doc>
<status status="PASS" starttime="20221104 11:19:46.045" endtime="20221104 11:19:47.514"/>
</kw>
<kw name="Eat All Cookies" library="Browser">
<doc>Eat all cookies for all easter.</doc>
<msg timestamp="20221104 11:19:47.522" level="INFO">All cookies deleted.</msg>
<msg timestamp="20221104 11:19:47.522" level="INFO" html="true">
        &lt;iframe
        width="560" height="315"
        src="https://www.youtube.com/embed/I5e6ftNpGsU"
        frameborder="0" allow="accelerometer; autoplay; encrypted-media; gyroscope; picture-in-picture"
        allowfullscreen&gt;
        &lt;/iframe&gt;</msg>
<msg timestamp="20221104 11:19:47.522" level="WARN">Cookie monster ate all cookies!!</msg>
<status status="PASS" starttime="20221104 11:19:47.514" endtime="20221104 11:19:47.522"/>
</kw>
<kw name="Log" library="BuiltIn">
<arg>It's second branch</arg>
<doc>Logs the given message with the given level.</doc>
<msg timestamp="20221104 11:19:47.522" level="INFO">It's second branch</msg>
<status status="PASS" starttime="20221104 11:19:47.522" endtime="20221104 11:19:47.522"/>
</kw>
<status status="PASS" starttime="20221104 11:19:39.903" endtime="20221104 11:19:47.522"/>
</test>
<status status="PASS" starttime="20221104 11:19:36.262" endtime="20221104 11:19:48.046"/>
</suite>
<statistics>
<total>
<stat pass="1" fail="0" skip="0">All Tests</stat>
</total>
<tag>
</tag>
<suite>
<stat pass="1" fail="0" skip="0" id="s1" name="Header Transmission">Header Transmission</stat>
</suite>
</statistics>
<errors>
<msg timestamp="20221104 11:19:47.522" level="WARN">Cookie monster ate all cookies!!</msg>
</errors>
</robot>
