<?xml version="1.0" encoding="UTF-8"?>
<robot generator="Robot 6.0 (Python 3.10.6 on win32)" generated="20221102 17:23:40.582" rpa="false" schemaversion="3">
<suite id="s1" name="Header Transmission" source="C:\Users\GennadiiMatveev\Desktop\Training\Browser_library\BrowserTestingVSC\FirstBrowserTestVSC\WithSecureTrashTests\header_transmission.robot">
<test id="s1-t1" name="Fill form normal" line="8">
<kw name="New Browser" library="Browser">
<arg>chromium</arg>
<arg>headless=False</arg>
<tag>BrowserControl</tag>
<tag>Setter</tag>
<doc>Create a new playwright Browser with specified options.</doc>
<msg timestamp="20221102 17:23:44.340" level="INFO">{"browser": "chromium", "headless": false, "devtools": false, "handleSIGHUP": true, "handleSIGINT": true, "handleSIGTERM": true, "slowMo": 0.0, "timeout": 30000.0, "deprecated_pos_args": [], "tracesDir": "C:\\Users\\GennadiiMatveev\\Desktop\\Training\\Browser_library\\BrowserTestingVSC\\FirstBrowserTestVSC\\WithSecureTrashTests\\browser\\traces\\10744e50-acf2-46ff-aa9c-f8bd69be74a9"}</msg>
<msg timestamp="20221102 17:23:45.282" level="INFO">Successfully created browser with options: {"browser":"chromium","headless":false,"devtools":false,"handleSIGHUP":true,"handleSIGINT":true,"handleSIGTERM":true,"slowMo":0,"timeout":30000,"deprecated_pos_args":[],"tracesDir":"C:\\Users\\GennadiiMatveev\\Desktop\\Training\\Browser_library\\BrowserTestingVSC\\FirstBrowserTestVSC\\WithSecureTrashTests\\browser\\traces\\10744e50-acf2-46ff-aa9c-f8bd69be74a9"}</msg>
<status status="PASS" starttime="20221102 17:23:44.340" endtime="20221102 17:23:45.282"/>
</kw>
<kw name="New Context" library="Browser">
<arg>viewport=&amp;{screen_size}</arg>
<tag>BrowserControl</tag>
<tag>Setter</tag>
<doc>Create a new BrowserContext with specified options.</doc>
<msg timestamp="20221102 17:23:45.282" level="INFO">{
  "acceptDownloads": true,
  "bypassCSP": false,
  "forcedColors": "none",
  "hideRfBrowser": false,
  "ignoreHTTPSErrors": false,
  "javaScriptEnabled": true,
  "offline": false,
  "reducedMotion": "no-preference",
  "viewport": {
    "width": 1920,
    "height": 1080
  },
  "deprecated_pos_args": []
}</msg>
<msg timestamp="20221102 17:23:45.301" level="INFO">Successfully created context. </msg>
<msg timestamp="20221102 17:23:45.309" level="INFO">{'acceptDownloads': True, 'bypassCSP': False, 'forcedColors': 'none', 'hideRfBrowser': False, 'ignoreHTTPSErrors': False, 'javaScriptEnabled': True, 'offline': False, 'reducedMotion': 'no-preference', 'viewport': {'width': 1920, 'height': 1080}, 'deprecated_pos_args': []}</msg>
<status status="PASS" starttime="20221102 17:23:45.282" endtime="20221102 17:23:45.309"/>
</kw>
<kw name="New Page" library="Browser">
<arg>https://www.withsecure.com/en/home</arg>
<tag>BrowserControl</tag>
<tag>Setter</tag>
<doc>Open a new Page.</doc>
<msg timestamp="20221102 17:23:49.292" level="INFO">Successfully initialized new page object and opened url: https://www.withsecure.com/en/home</msg>
<status status="PASS" starttime="20221102 17:23:45.309" endtime="20221102 17:23:49.292"/>
</kw>
<kw name="Accept Cookies">
<kw name="Click" library="Browser">
<arg>xpath=//button[@id='onetrust-accept-btn-handler']</arg>
<tag>PageContent</tag>
<tag>Setter</tag>
<doc>Simulates mouse click on the element found by ``selector``.</doc>
<status status="PASS" starttime="20221102 17:23:49.296" endtime="20221102 17:23:49.512"/>
</kw>
<status status="PASS" starttime="20221102 17:23:49.292" endtime="20221102 17:23:49.519"/>
</kw>
<kw name="Click" library="Browser">
<arg>xpath=//button[normalize-space()='Expertise']</arg>
<tag>PageContent</tag>
<tag>Setter</tag>
<doc>Simulates mouse click on the element found by ``selector``.</doc>
<status status="PASS" starttime="20221102 17:23:49.520" endtime="20221102 17:23:49.742"/>
</kw>
<kw name="Click" library="Browser">
<arg>xpath=//a[normalize-space()='Innovation programs']</arg>
<tag>PageContent</tag>
<tag>Setter</tag>
<doc>Simulates mouse click on the element found by ``selector``.</doc>
<status status="PASS" starttime="20221102 17:23:49.742" endtime="20221102 17:23:51.342"/>
</kw>
<kw name="Eat All Cookies" library="Browser">
<doc>Eat all cookies for all easter.</doc>
<msg timestamp="20221102 17:23:51.352" level="INFO">All cookies deleted.</msg>
<msg timestamp="20221102 17:23:51.352" level="INFO" html="true">
        &lt;iframe
        width="560" height="315"
        src="https://www.youtube.com/embed/I5e6ftNpGsU"
        frameborder="0" allow="accelerometer; autoplay; encrypted-media; gyroscope; picture-in-picture"
        allowfullscreen&gt;
        &lt;/iframe&gt;</msg>
<msg timestamp="20221102 17:23:51.352" level="WARN">Cookie monster ate all cookies!!</msg>
<status status="PASS" starttime="20221102 17:23:51.342" endtime="20221102 17:23:51.352"/>
</kw>
<status status="PASS" starttime="20221102 17:23:44.340" endtime="20221102 17:23:51.352"/>
</test>
<status status="PASS" starttime="20221102 17:23:40.590" endtime="20221102 17:23:51.851"/>
</suite>
<statistics>
<total>
<stat pass="1" fail="0" skip="0">All Tests</stat>
</total>
<tag>
</tag>
<suite>
<stat pass="1" fail="0" skip="0" id="s1" name="Header Transmission">Header Transmission</stat>
</suite>
</statistics>
<errors>
<msg timestamp="20221102 17:23:51.352" level="WARN">Cookie monster ate all cookies!!</msg>
</errors>
</robot>
